<?xml version="1.0" encoding="UTF-8"?>
<testsuite name="com.connections.service.LinkServiceTest" tests="4" skipped="0" failures="0" errors="0" timestamp="2025-01-18T16:51:01" hostname="DIEGO" time="0.022">
  <properties/>
  <testcase name="delete_ShouldCallRepositoryAndReturnMonoVoid()" classname="com.connections.service.LinkServiceTest" time="0.015"/>
  <testcase name="findAll_ShouldReturnFluxOfLinkDTO()" classname="com.connections.service.LinkServiceTest" time="0.001"/>
  <testcase name="save_ShouldReturnSavedLinkDTO()" classname="com.connections.service.LinkServiceTest" time="0.001"/>
  <testcase name="findById_ShouldReturnMonoOfLinkDTO()" classname="com.connections.service.LinkServiceTest" time="0.002"/>
  <system-out><![CDATA[]]></system-out>
  <system-err><![CDATA[]]></system-err>
</testsuite>
