<?xml version="1.0" encoding="UTF-8"?>
<testsuite name="com.connections.service.EventServiceTest" tests="4" skipped="0" failures="0" errors="0" timestamp="2025-01-18T16:51:01" hostname="DIEGO" time="0.02">
  <properties/>
  <testcase name="delete_ShouldCallRepositoryAndReturnMonoVoid()" classname="com.connections.service.EventServiceTest" time="0.015"/>
  <testcase name="findAll_ShouldReturnFluxOfEventDTO()" classname="com.connections.service.EventServiceTest" time="0.001"/>
  <testcase name="save_ShouldReturnSavedEventDTO()" classname="com.connections.service.EventServiceTest" time="0.002"/>
  <testcase name="findById_ShouldReturnMonoOfEventDTO()" classname="com.connections.service.EventServiceTest" time="0.001"/>
  <system-out><![CDATA[]]></system-out>
  <system-err><![CDATA[]]></system-err>
</testsuite>
