<?xml version="1.0" encoding="UTF-8"?>
<testsuite name="com.connections.controller.PostControllerTest" tests="5" skipped="0" failures="0" errors="0" timestamp="2025-01-18T16:51:00" hostname="DIEGO" time="0.041">
  <properties/>
  <testcase name="findAll_ReturnsFluxOfPosts()" classname="com.connections.controller.PostControllerTest" time="0.013"/>
  <testcase name="findById_ReturnsMonoOfPostWithComments()" classname="com.connections.controller.PostControllerTest" time="0.007"/>
  <testcase name="findById_ReturnsMonoOfPost()" classname="com.connections.controller.PostControllerTest" time="0.006"/>
  <testcase name="deleteById_ReturnsOk()" classname="com.connections.controller.PostControllerTest" time="0.004"/>
  <testcase name="save_ReturnsSavedPost()" classname="com.connections.controller.PostControllerTest" time="0.006"/>
  <system-out><![CDATA[2025-01-18T11:51:00.770-05:00  INFO 4176 --- [    Test worker] t.c.s.AnnotationConfigContextLoaderUtils : Could not detect default configuration classes for test class [com.connections.controller.PostControllerTest]: PostControllerTest does not declare any static, non-private, non-final, nested classes annotated with @Configuration.
2025-01-18T11:51:00.773-05:00  INFO 4176 --- [    Test worker] .b.t.c.SpringBootTestContextBootstrapper : Found @SpringBootConfiguration com.connections.Application for test class com.connections.controller.PostControllerTest

  .   ____          _            __ _ _
 /\\ / ___'_ __ _ _(_)_ __  __ _ \ \ \ \
( ( )\___ | '_ | '_| | '_ \/ _` | \ \ \ \
 \\/  ___)| |_)| | | | | || (_| |  ) ) ) )
  '  |____| .__|_| |_|_| |_\__, | / / / /
 =========|_|==============|___/=/_/_/_/
 :: Spring Boot ::                (v3.0.2)

2025-01-18T11:51:00.795-05:00  INFO 4176 --- [    Test worker] c.c.controller.PostControllerTest        : Starting PostControllerTest using Java 18.0.1.1 with PID 4176 (started by diego in C:\java\connections)
2025-01-18T11:51:00.795-05:00 DEBUG 4176 --- [    Test worker] c.c.controller.PostControllerTest        : Running with Spring Boot v3.0.2, Spring v6.0.4
2025-01-18T11:51:00.796-05:00  INFO 4176 --- [    Test worker] c.c.controller.PostControllerTest        : No active profile set, falling back to 1 default profile: "default"
2025-01-18T11:51:00.898-05:00  INFO 4176 --- [    Test worker] c.c.controller.PostControllerTest        : Started PostControllerTest in 0.121 seconds (process running for 3.263)
]]></system-out>
  <system-err><![CDATA[]]></system-err>
</testsuite>
