<?xml version="1.0" encoding="UTF-8"?>
<testsuite name="com.connections.service.PostServiceTest" tests="5" skipped="0" failures="0" errors="0" timestamp="2025-01-18T16:51:01" hostname="DIEGO" time="0.028">
  <properties/>
  <testcase name="delete_ShouldCallRepositoryAndReturnMonoVoid()" classname="com.connections.service.PostServiceTest" time="0.021"/>
  <testcase name="save_ShouldReturnSavedPostDTO()" classname="com.connections.service.PostServiceTest" time="0.002"/>
  <testcase name="findById_ShouldReturnMonoOfPostDTO()" classname="com.connections.service.PostServiceTest" time="0.002"/>
  <testcase name="findById_ShouldReturnMonoOfPostDTOWithComments()" classname="com.connections.service.PostServiceTest" time="0.002"/>
  <testcase name="findAll_ShouldReturnFluxOfPostDTO()" classname="com.connections.service.PostServiceTest" time="0.001"/>
  <system-out><![CDATA[]]></system-out>
  <system-err><![CDATA[]]></system-err>
</testsuite>
