<?xml version="1.0" encoding="UTF-8"?>
<testsuite name="com.connections.service.CommentServiceTest" tests="4" skipped="0" failures="0" errors="0" timestamp="2025-01-18T16:51:01" hostname="DIEGO" time="0.061">
  <properties/>
  <testcase name="delete_ShouldCallRepositoryAndReturnMonoVoid()" classname="com.connections.service.CommentServiceTest" time="0.052"/>
  <testcase name="save_ShouldReturnSavedCommentDTO()" classname="com.connections.service.CommentServiceTest" time="0.003"/>
  <testcase name="findById_ShouldReturnMonoOfCommentDTO()" classname="com.connections.service.CommentServiceTest" time="0.002"/>
  <testcase name="findAll_ShouldReturnFluxOfCommentDTO()" classname="com.connections.service.CommentServiceTest" time="0.002"/>
  <system-out><![CDATA[]]></system-out>
  <system-err><![CDATA[]]></system-err>
</testsuite>
