<?xml version="1.0" encoding="UTF-8"?>
<testsuite name="com.connections.service.VenueServiceTest" tests="4" skipped="0" failures="0" errors="0" timestamp="2025-01-18T16:51:01" hostname="DIEGO" time="0.019">
  <properties/>
  <testcase name="delete_ShouldCallRepositoryAndReturnMonoVoid()" classname="com.connections.service.VenueServiceTest" time="0.012"/>
  <testcase name="save_ShouldReturnSavedVenueDTO()" classname="com.connections.service.VenueServiceTest" time="0.002"/>
  <testcase name="findById_ShouldReturnMonoOfVenueDTO()" classname="com.connections.service.VenueServiceTest" time="0.002"/>
  <testcase name="findAll_ShouldReturnFluxOfVenueDTO()" classname="com.connections.service.VenueServiceTest" time="0.002"/>
  <system-out><![CDATA[]]></system-out>
  <system-err><![CDATA[]]></system-err>
</testsuite>
