<?xml version="1.0" encoding="UTF-8"?>
<testsuite name="com.connections.controller.RsvpControllerTest" tests="4" skipped="0" failures="0" errors="0" timestamp="2025-01-18T16:51:01" hostname="DIEGO" time="0.032">
  <properties/>
  <testcase name="findAll_ReturnsFluxOfRsvps()" classname="com.connections.controller.RsvpControllerTest" time="0.009"/>
  <testcase name="findById_ReturnsMonoOfRsvp()" classname="com.connections.controller.RsvpControllerTest" time="0.008"/>
  <testcase name="deleteById_ReturnsOk()" classname="com.connections.controller.RsvpControllerTest" time="0.005"/>
  <testcase name="save_ReturnsSavedRsvp()" classname="com.connections.controller.RsvpControllerTest" time="0.009"/>
  <system-out><![CDATA[2025-01-18T11:51:00.945-05:00  INFO 4176 --- [    Test worker] t.c.s.AnnotationConfigContextLoaderUtils : Could not detect default configuration classes for test class [com.connections.controller.RsvpControllerTest]: RsvpControllerTest does not declare any static, non-private, non-final, nested classes annotated with @Configuration.
2025-01-18T11:51:00.948-05:00  INFO 4176 --- [    Test worker] .b.t.c.SpringBootTestContextBootstrapper : Found @SpringBootConfiguration com.connections.Application for test class com.connections.controller.RsvpControllerTest

  .   ____          _            __ _ _
 /\\ / ___'_ __ _ _(_)_ __  __ _ \ \ \ \
( ( )\___ | '_ | '_| | '_ \/ _` | \ \ \ \
 \\/  ___)| |_)| | | | | || (_| |  ) ) ) )
  '  |____| .__|_| |_|_| |_\__, | / / / /
 =========|_|==============|___/=/_/_/_/
 :: Spring Boot ::                (v3.0.2)

2025-01-18T11:51:00.967-05:00  INFO 4176 --- [    Test worker] c.c.controller.RsvpControllerTest        : Starting RsvpControllerTest using Java 18.0.1.1 with PID 4176 (started by diego in C:\java\connections)
2025-01-18T11:51:00.967-05:00 DEBUG 4176 --- [    Test worker] c.c.controller.RsvpControllerTest        : Running with Spring Boot v3.0.2, Spring v6.0.4
2025-01-18T11:51:00.967-05:00  INFO 4176 --- [    Test worker] c.c.controller.RsvpControllerTest        : No active profile set, falling back to 1 default profile: "default"
2025-01-18T11:51:01.063-05:00  INFO 4176 --- [    Test worker] c.c.controller.RsvpControllerTest        : Started RsvpControllerTest in 0.112 seconds (process running for 3.428)
]]></system-out>
  <system-err><![CDATA[]]></system-err>
</testsuite>
