<?xml version="1.0" encoding="UTF-8"?>
<testsuite name="com.connections.controller.EventControllerTest" tests="4" skipped="0" failures="0" errors="0" timestamp="2025-01-18T16:51:00" hostname="DIEGO" time="0.035">
  <properties/>
  <testcase name="findAll_ReturnsFluxOfEvents()" classname="com.connections.controller.EventControllerTest" time="0.014"/>
  <testcase name="findById_ReturnsMonoOfEvent()" classname="com.connections.controller.EventControllerTest" time="0.007"/>
  <testcase name="save_ReturnsSavedEvent()" classname="com.connections.controller.EventControllerTest" time="0.006"/>
  <testcase name="deleteById_ReturnsOk()" classname="com.connections.controller.EventControllerTest" time="0.005"/>
  <system-out><![CDATA[2025-01-18T11:51:00.440-05:00  INFO 4176 --- [    Test worker] t.c.s.AnnotationConfigContextLoaderUtils : Could not detect default configuration classes for test class [com.connections.controller.EventControllerTest]: EventControllerTest does not declare any static, non-private, non-final, nested classes annotated with @Configuration.
2025-01-18T11:51:00.444-05:00  INFO 4176 --- [    Test worker] .b.t.c.SpringBootTestContextBootstrapper : Found @SpringBootConfiguration com.connections.Application for test class com.connections.controller.EventControllerTest

  .   ____          _            __ _ _
 /\\ / ___'_ __ _ _(_)_ __  __ _ \ \ \ \
( ( )\___ | '_ | '_| | '_ \/ _` | \ \ \ \
 \\/  ___)| |_)| | | | | || (_| |  ) ) ) )
  '  |____| .__|_| |_|_| |_\__, | / / / /
 =========|_|==============|___/=/_/_/_/
 :: Spring Boot ::                (v3.0.2)

2025-01-18T11:51:00.465-05:00  INFO 4176 --- [    Test worker] c.c.controller.EventControllerTest       : Starting EventControllerTest using Java 18.0.1.1 with PID 4176 (started by diego in C:\java\connections)
2025-01-18T11:51:00.465-05:00 DEBUG 4176 --- [    Test worker] c.c.controller.EventControllerTest       : Running with Spring Boot v3.0.2, Spring v6.0.4
2025-01-18T11:51:00.465-05:00  INFO 4176 --- [    Test worker] c.c.controller.EventControllerTest       : No active profile set, falling back to 1 default profile: "default"
2025-01-18T11:51:00.571-05:00  INFO 4176 --- [    Test worker] c.c.controller.EventControllerTest       : Started EventControllerTest in 0.123 seconds (process running for 2.936)
]]></system-out>
  <system-err><![CDATA[]]></system-err>
</testsuite>
