<?xml version="1.0" encoding="UTF-8"?>
<testsuite name="com.connections.controller.CreatorControllerTest" tests="4" skipped="0" failures="0" errors="0" timestamp="2025-01-18T16:51:00" hostname="DIEGO" time="0.035">
  <properties/>
  <testcase name="findById_ReturnsMonoOfCreator()" classname="com.connections.controller.CreatorControllerTest" time="0.011"/>
  <testcase name="save_ReturnsSavedCreator()" classname="com.connections.controller.CreatorControllerTest" time="0.006"/>
  <testcase name="findAll_ReturnsFluxOfCreators()" classname="com.connections.controller.CreatorControllerTest" time="0.009"/>
  <testcase name="deleteById_ReturnsOk()" classname="com.connections.controller.CreatorControllerTest" time="0.006"/>
  <system-out><![CDATA[2025-01-18T11:51:00.254-05:00  INFO 4176 --- [    Test worker] t.c.s.AnnotationConfigContextLoaderUtils : Could not detect default configuration classes for test class [com.connections.controller.CreatorControllerTest]: CreatorControllerTest does not declare any static, non-private, non-final, nested classes annotated with @Configuration.
2025-01-18T11:51:00.257-05:00  INFO 4176 --- [    Test worker] .b.t.c.SpringBootTestContextBootstrapper : Found @SpringBootConfiguration com.connections.Application for test class com.connections.controller.CreatorControllerTest

  .   ____          _            __ _ _
 /\\ / ___'_ __ _ _(_)_ __  __ _ \ \ \ \
( ( )\___ | '_ | '_| | '_ \/ _` | \ \ \ \
 \\/  ___)| |_)| | | | | || (_| |  ) ) ) )
  '  |____| .__|_| |_|_| |_\__, | / / / /
 =========|_|==============|___/=/_/_/_/
 :: Spring Boot ::                (v3.0.2)

2025-01-18T11:51:00.280-05:00  INFO 4176 --- [    Test worker] c.c.controller.CreatorControllerTest     : Starting CreatorControllerTest using Java 18.0.1.1 with PID 4176 (started by diego in C:\java\connections)
2025-01-18T11:51:00.280-05:00 DEBUG 4176 --- [    Test worker] c.c.controller.CreatorControllerTest     : Running with Spring Boot v3.0.2, Spring v6.0.4
2025-01-18T11:51:00.280-05:00  INFO 4176 --- [    Test worker] c.c.controller.CreatorControllerTest     : No active profile set, falling back to 1 default profile: "default"
2025-01-18T11:51:00.399-05:00  INFO 4176 --- [    Test worker] c.c.controller.CreatorControllerTest     : Started CreatorControllerTest in 0.139 seconds (process running for 2.765)
]]></system-out>
  <system-err><![CDATA[]]></system-err>
</testsuite>
